<?xml version="1.0" encoding="UTF-8"?>
<!-- Generated by org.testng.reporters.JUnitReportReporter -->
<testsuite hostname="ROHIT" failures="0" tests="5" name="ANNOTATION.DependentMethod" time="0.036" errors="0" timestamp="2024-04-01T11:34:39 IST" skipped="0">
  <testcase classname="ANNOTATION.DependentMethod" name="Logout" time="0.002"/>
  <system-out/>
  <testcase classname="ANNOTATION.DependentMethod" name="openurl" time="0.001"/>
  <system-out/>
  <testcase classname="ANNOTATION.DependentMethod" name="AdvanceSearch" time="0.003"/>
  <system-out/>
  <testcase classname="ANNOTATION.DependentMethod" name="Search" time="0.002"/>
  <system-out/>
  <testcase classname="ANNOTATION.DependentMethod" name="Login" time="0.028"/>
  <system-out/>
</testsuite> <!-- ANNOTATION.DependentMethod -->
