<?xml version="1.0" encoding="UTF-8"?>
<!-- Generated by org.testng.reporters.JUnitReportReporter -->
<testsuite hostname="ROHIT" failures="0" tests="3" name="TESTNG.ThirdTest" time="7.768" errors="0" timestamp="2024-03-29T12:15:41 IST" skipped="0">
  <testcase classname="TESTNG.ThirdTest" name="OpenApp" time="5.682"/>
  <system-out/>
  <testcase classname="TESTNG.ThirdTest" name="Login" time="1.937"/>
  <system-out/>
  <testcase classname="TESTNG.ThirdTest" name="Closeapp" time="0.149"/>
  <system-out/>
</testsuite> <!-- TESTNG.ThirdTest -->
