<?xml version="1.0" encoding="UTF-8"?>
<!-- Generated by org.testng.reporters.JUnitReportReporter -->
<testsuite hostname="ROHIT" failures="0" tests="1" name="ANNOTATION.HARD_SOFT_ASSERATION" time="0.024" errors="0" timestamp="2024-04-02T11:02:00 IST" skipped="0">
  <testcase classname="ANNOTATION.HARD_SOFT_ASSERATION" name="SoftAsseration" time="0.024"/>
  <system-out/>
</testsuite> <!-- ANNOTATION.HARD_SOFT_ASSERATION -->
