<?xml version="1.0" encoding="UTF-8"?>
<!-- Generated by org.testng.reporters.JUnitReportReporter -->
<testsuite hostname="ROHIT" failures="0" tests="3" name="TESTNG.ThirdTest" time="13.533" errors="0" timestamp="2024-04-09T19:16:05 IST" skipped="0">
  <testcase classname="TESTNG.ThirdTest" name="OpenApp" time="12.562"/>
  <system-out/>
  <testcase classname="TESTNG.ThirdTest" name="Login" time="0.864"/>
  <system-out/>
  <testcase classname="TESTNG.ThirdTest" name="Closeapp" time="0.107"/>
  <system-out/>
</testsuite> <!-- TESTNG.ThirdTest -->
