<?xml version="1.0" encoding="UTF-8"?>
<!-- Generated by org.testng.reporters.JUnitReportReporter -->
<testsuite hostname="ROHIT" failures="0" tests="3" name="ANNOTATION.GROUPING_DEMO" time="0.016" errors="0" timestamp="2024-04-02T11:41:07 IST" skipped="0">
  <testcase classname="ANNOTATION.GROUPING_DEMO" name="loginByFacebook" time="0.014"/>
  <system-out/>
  <testcase classname="ANNOTATION.GROUPING_DEMO" name="loginByTwitter" time="0.001"/>
  <system-out/>
  <testcase classname="ANNOTATION.GROUPING_DEMO" name="paymentindollar" time="0.001"/>
  <system-out/>
</testsuite> <!-- ANNOTATION.GROUPING_DEMO -->
