<?xml version="1.0" encoding="UTF-8"?>
<!-- Generated by org.testng.reporters.JUnitReportReporter -->
<testsuite hostname="ROHIT" failures="0" tests="6" name="ANNOTATION.DEMO1" time="0.018" errors="0" timestamp="2024-04-01T11:02:40 IST" skipped="0">
  <testcase classname="ANNOTATION.DEMO1" name="AdvanceSearch" time="0.003"/>
  <system-out/>
  <testcase classname="ANNOTATION.DEMO1" name="Search" time="0.002"/>
  <system-out/>
  <testcase classname="ANNOTATION.DEMO1" name="AdvanceSearch" time="0.001"/>
  <system-out/>
  <testcase classname="ANNOTATION.DEMO1" name="AdvanceSearch" time="0.009"/>
  <system-out/>
  <testcase classname="ANNOTATION.DEMO1" name="Search" time="0.001"/>
  <system-out/>
  <testcase classname="ANNOTATION.DEMO1" name="Search" time="0.002"/>
  <system-out/>
</testsuite> <!-- ANNOTATION.DEMO1 -->
