<?xml version="1.0" encoding="UTF-8"?>
<!-- Generated by org.testng.reporters.JUnitReportReporter -->
<testsuite hostname="ROHIT" failures="0" tests="5" name="ANNOTATION.INVOCATION_COUNT_DEMO" time="0.024" errors="0" timestamp="2024-04-03T10:56:16 IST" skipped="0">
  <testcase classname="ANNOTATION.INVOCATION_COUNT_DEMO" name="test" time="0.001"/>
  <system-out/>
  <testcase classname="ANNOTATION.INVOCATION_COUNT_DEMO" name="test" time="0.001"/>
  <system-out/>
  <testcase classname="ANNOTATION.INVOCATION_COUNT_DEMO" name="test" time="0.005"/>
  <system-out/>
  <testcase classname="ANNOTATION.INVOCATION_COUNT_DEMO" name="test" time="0.001"/>
  <system-out/>
  <testcase classname="ANNOTATION.INVOCATION_COUNT_DEMO" name="test" time="0.016"/>
  <system-out/>
</testsuite> <!-- ANNOTATION.INVOCATION_COUNT_DEMO -->
