<?xml version="1.0" encoding="UTF-8"?>
<!-- Generated by org.testng.reporters.JUnitReportReporter -->
<testsuite hostname="ROHIT" failures="0" tests="3" name="TESTNG.SecondTest" time="0.005" errors="0" timestamp="2024-03-29T11:53:56 IST" skipped="0">
  <testcase classname="TESTNG.SecondTest" name="Login" time="0.001"/>
  <system-out/>
  <testcase classname="TESTNG.SecondTest" name="Search" time="0.002"/>
  <system-out/>
  <testcase classname="TESTNG.SecondTest" name="Logout" time="0.002"/>
  <system-out/>
</testsuite> <!-- TESTNG.SecondTest -->
