<?xml version="1.0" encoding="UTF-8"?>
<!-- Generated by org.testng.reporters.JUnitReportReporter -->
<testsuite hostname="ROHIT" failures="0" tests="4" name="ANNOTATION.parameter_Test" time="0.316" errors="0" timestamp="2024-04-03T12:23:46 IST" skipped="0">
  <testcase classname="ANNOTATION.parameter_Test" name="homepage" time="0.044"/>
  <system-out/>
  <testcase classname="ANNOTATION.parameter_Test" name="homepage" time="0.024"/>
  <system-out/>
  <testcase classname="ANNOTATION.parameter_Test" name="testlogo" time="0.078"/>
  <system-out/>
  <testcase classname="ANNOTATION.parameter_Test" name="testlogo" time="0.170"/>
  <system-out/>
</testsuite> <!-- ANNOTATION.parameter_Test -->
