<?xml version="1.0" encoding="UTF-8"?>
<!-- Generated by org.testng.reporters.JUnitReportReporter -->
<testsuite hostname="ROHIT" failures="0" tests="2" name="ANNOTATION.Demo2" time="0.016" errors="0" timestamp="2024-04-01T11:07:06 IST" skipped="0">
  <testcase classname="ANNOTATION.Demo2" name="Search" time="0.008"/>
  <system-out/>
  <testcase classname="ANNOTATION.Demo2" name="AdvanceSearch" time="0.008"/>
  <system-out/>
</testsuite> <!-- ANNOTATION.Demo2 -->
