<?xml version="1.0" encoding="UTF-8"?>
<!-- Generated by org.testng.reporters.JUnitReportReporter -->
<testsuite hostname="ROHIT" failures="0" tests="3" name="TESTNG.FirstTest" time="0.007" errors="0" timestamp="2024-03-29T11:53:56 IST" skipped="0">
  <testcase classname="TESTNG.FirstTest" name="test3" time="0.003"/>
  <system-out/>
  <testcase classname="TESTNG.FirstTest" name="test2" time="0.001"/>
  <system-out/>
  <testcase classname="TESTNG.FirstTest" name="test1" time="0.003"/>
  <system-out/>
</testsuite> <!-- TESTNG.FirstTest -->
