<?xml version="1.0" encoding="UTF-8"?>
<!-- Generated by org.testng.reporters.JUnitReportReporter -->
<testsuite hostname="ROHIT" failures="0" tests="2" name="PAGE_OBJECT_MODEL.LOGIN_TEST" time="2.415" errors="0" timestamp="2024-04-05T10:27:04 IST" skipped="0">
  <testcase classname="PAGE_OBJECT_MODEL.LOGIN_TEST" name="Logo_Check" time="0.125"/>
  <system-out/>
  <testcase classname="PAGE_OBJECT_MODEL.LOGIN_TEST" name="TestLogin" time="2.290"/>
  <system-out/>
</testsuite> <!-- PAGE_OBJECT_MODEL.LOGIN_TEST -->
