<?xml version="1.0" encoding="UTF-8"?>
<!-- Generated by org.testng.reporters.JUnitReportReporter -->
<testsuite hostname="ROHIT" failures="0" tests="3" name="TESTNG.ThirdTest" time="24.261" errors="0" timestamp="2024-04-10T10:25:16 IST" skipped="0">
  <testcase classname="TESTNG.ThirdTest" name="OpenApp" time="22.948"/>
  <testcase classname="TESTNG.ThirdTest" name="Login" time="1.143"/>
  <testcase classname="TESTNG.ThirdTest" name="Closeapp" time="0.170"/>
</testsuite> <!-- TESTNG.ThirdTest -->
